Using pre-set license
Built from '2021.3/staging' branch; Version is '2021.3.20f1 (577897200b8b) revision 5732503'; Using compiler version '192829333'; Build Type 'Release'
OS: 'Windows 11  (10.0.22621) 64bit Core' Language: 'en' Physical Memory: 16108 MB
BatchMode: 1, IsHumanControllingUs: 0, StartBugReporterOnCrash: 0, Is64bit: 1, IsPro: 1

COMMAND LINE ARGUMENTS:
C:\Program Files\Unity\Hub\Editor\2021.3.20f1\Editor\Unity.exe
-adb2
-batchMode
-noUpm
-name
AssetImportWorker0
-projectPath
C:/Users/natha/UnityProjects/job-hunters-2023/ResumeSorter
-logFile
Logs/AssetImportWorker0.log
-srvPort
58696
Successfully changed project path to: C:/Users/natha/UnityProjects/job-hunters-2023/ResumeSorter
C:/Users/natha/UnityProjects/job-hunters-2023/ResumeSorter
[UnityMemory] Configuration Parameters - Can be set up in boot.config
    "memorysetup-bucket-allocator-granularity=16"
    "memorysetup-bucket-allocator-bucket-count=8"
    "memorysetup-bucket-allocator-block-size=33554432"
    "memorysetup-bucket-allocator-block-count=8"
    "memorysetup-main-allocator-block-size=16777216"
    "memorysetup-thread-allocator-block-size=16777216"
    "memorysetup-gfx-main-allocator-block-size=16777216"
    "memorysetup-gfx-thread-allocator-block-size=16777216"
    "memorysetup-cache-allocator-block-size=4194304"
    "memorysetup-typetree-allocator-block-size=2097152"
    "memorysetup-profiler-bucket-allocator-granularity=16"
    "memorysetup-profiler-bucket-allocator-bucket-count=8"
    "memorysetup-profiler-bucket-allocator-block-size=33554432"
    "memorysetup-profiler-bucket-allocator-block-count=8"
    "memorysetup-profiler-allocator-block-size=16777216"
    "memorysetup-profiler-editor-allocator-block-size=1048576"
    "memorysetup-temp-allocator-size-main=16777216"
    "memorysetup-job-temp-allocator-block-size=2097152"
    "memorysetup-job-temp-allocator-block-size-background=1048576"
    "memorysetup-job-temp-allocator-reduction-small-platforms=262144"
    "memorysetup-temp-allocator-size-background-worker=32768"
    "memorysetup-temp-allocator-size-job-worker=262144"
    "memorysetup-temp-allocator-size-preload-manager=33554432"
    "memorysetup-temp-allocator-size-nav-mesh-worker=65536"
    "memorysetup-temp-allocator-size-audio-worker=65536"
    "memorysetup-temp-allocator-size-cloud-worker=32768"
    "memorysetup-temp-allocator-size-gi-baking-worker=262144"
    "memorysetup-temp-allocator-size-gfx=262144"
Player connection [69452] Host "[IP] 172.25.0.1 [Port] 0 [Flags] 2 [Guid] 3806046299 [EditorId] 3806046299 [Version] 1048832 [Id] WindowsEditor(7,DESKTOP-T5CUJCG) [Debug] 1 [PackageName] WindowsEditor [ProjectName] Editor" joined multi-casting on [225.0.0.222:54997]...

Player connection [69452] Host "[IP] 172.25.0.1 [Port] 0 [Flags] 2 [Guid] 3806046299 [EditorId] 3806046299 [Version] 1048832 [Id] WindowsEditor(7,DESKTOP-T5CUJCG) [Debug] 1 [PackageName] WindowsEditor [ProjectName] Editor" joined alternative multi-casting on [225.0.0.222:34997]...

Refreshing native plugins compatible for Editor in 83.05 ms, found 3 plugins.
Preloading 0 native plugins for Editor in 0.00 ms.
Initialize engine version: 2021.3.20f1 (577897200b8b)
[Subsystems] Discovering subsystems at path C:/Program Files/Unity/Hub/Editor/2021.3.20f1/Editor/Data/Resources/UnitySubsystems
[Subsystems] Discovering subsystems at path C:/Users/natha/UnityProjects/job-hunters-2023/ResumeSorter/Assets
GfxDevice: creating device client; threaded=0; jobified=0
Direct3D:
    Version:  Direct3D 11.0 [level 11.1]
    Renderer: Intel(R) Iris(R) Xe Graphics (ID=0x46a6)
    Vendor:   Intel
    VRAM:     8054 MB
    Driver:   31.0.101.3251
Initialize mono
Mono path[0] = 'C:/Program Files/Unity/Hub/Editor/2021.3.20f1/Editor/Data/Managed'
Mono path[1] = 'C:/Program Files/Unity/Hub/Editor/2021.3.20f1/Editor/Data/MonoBleedingEdge/lib/mono/unityjit-win32'
Mono config path = 'C:/Program Files/Unity/Hub/Editor/2021.3.20f1/Editor/Data/MonoBleedingEdge/etc'
Using monoOptions --debugger-agent=transport=dt_socket,embedding=1,server=y,suspend=n,address=127.0.0.1:56496
Begin MonoManager ReloadAssembly
Registering precompiled unity dll's ...
Register platform support module: C:/Program Files/Unity/Hub/Editor/2021.3.20f1/Editor/Data/PlaybackEngines/WindowsStandaloneSupport/UnityEditor.WindowsStandalone.Extensions.dll
Registered in 0.004522 seconds.
Native extension for WindowsStandalone target not found
Refreshing native plugins compatible for Editor in 82.61 ms, found 3 plugins.
Preloading 0 native plugins for Editor in 0.00 ms.
Mono: successfully reloaded assembly
- Completed reload, in  0.706 seconds
Domain Reload Profiling:
	ReloadAssembly (707ms)
		BeginReloadAssembly (96ms)
			ExecutionOrderSort (0ms)
			DisableScriptedObjects (0ms)
			BackupInstance (0ms)
			ReleaseScriptingObjects (0ms)
			CreateAndSetChildDomain (1ms)
		EndReloadAssembly (506ms)
			LoadAssemblies (94ms)
			RebuildTransferFunctionScriptingTraits (0ms)
			SetupTypeCache (113ms)
			ReleaseScriptCaches (0ms)
			RebuildScriptCaches (31ms)
			SetupLoadedEditorAssemblies (306ms)
				LogAssemblyErrors (0ms)
				InitializePlatformSupportModulesInManaged (8ms)
				SetLoadedEditorAssemblies (0ms)
				RefreshPlugins (83ms)
				BeforeProcessingInitializeOnLoad (1ms)
				ProcessInitializeOnLoadAttributes (160ms)
				ProcessInitializeOnLoadMethodAttributes (54ms)
				AfterProcessingInitializeOnLoad (0ms)
				EditorAssembliesLoaded (0ms)
			ExecutionOrderSort2 (0ms)
			AwakeInstancesAfterBackupRestoration (0ms)
Platform modules already initialized, skipping
Registering precompiled user dll's ...
Registered in 0.004424 seconds.
Begin MonoManager ReloadAssembly
Symbol file LoadedFromMemory doesn't match image C:\Users\natha\UnityProjects\job-hunters-2023\ResumeSorter\Library\PackageCache\com.unity.visualscripting@1.8.0\Editor\VisualScripting.Core\Dependencies\YamlDotNet\Unity.VisualScripting.YamlDotNet.dll
Symbol file LoadedFromMemory doesn't match image C:\Users\natha\UnityProjects\job-hunters-2023\ResumeSorter\Library\PackageCache\com.unity.visualscripting@1.8.0\Editor\VisualScripting.Core\Dependencies\DotNetZip\Unity.VisualScripting.IonicZip.dll
Native extension for WindowsStandalone target not found
Refreshing native plugins compatible for Editor in 0.48 ms, found 3 plugins.
Preloading 0 native plugins for Editor in 0.00 ms.
Mono: successfully reloaded assembly
- Completed reload, in  1.279 seconds
Domain Reload Profiling:
	ReloadAssembly (1280ms)
		BeginReloadAssembly (155ms)
			ExecutionOrderSort (0ms)
			DisableScriptedObjects (24ms)
			BackupInstance (0ms)
			ReleaseScriptingObjects (0ms)
			CreateAndSetChildDomain (25ms)
		EndReloadAssembly (1011ms)
			LoadAssemblies (99ms)
			RebuildTransferFunctionScriptingTraits (0ms)
			SetupTypeCache (276ms)
			ReleaseScriptCaches (0ms)
			RebuildScriptCaches (52ms)
			SetupLoadedEditorAssemblies (539ms)
				LogAssemblyErrors (0ms)
				InitializePlatformSupportModulesInManaged (5ms)
				SetLoadedEditorAssemblies (1ms)
				RefreshPlugins (1ms)
				BeforeProcessingInitializeOnLoad (80ms)
				ProcessInitializeOnLoadAttributes (422ms)
				ProcessInitializeOnLoadMethodAttributes (23ms)
				AfterProcessingInitializeOnLoad (7ms)
				EditorAssembliesLoaded (0ms)
			ExecutionOrderSort2 (0ms)
			AwakeInstancesAfterBackupRestoration (6ms)
Platform modules already initialized, skipping
========================================================================
Worker process is ready to serve import requests
Launched and connected shader compiler UnityShaderCompiler.exe after 0.09 seconds
Refreshing native plugins compatible for Editor in 0.46 ms, found 3 plugins.
Preloading 0 native plugins for Editor in 0.00 ms.
Unloading 3064 Unused Serialized files (Serialized files now loaded: 0)
Unloading 23 unused Assets / (87.9 KB). Loaded Objects now: 3526.
Memory consumption went from 110.0 MB to 109.9 MB.
Total: 3.602100 ms (FindLiveObjects: 0.196800 ms CreateObjectMapping: 0.081400 ms MarkObjects: 3.215900 ms  DeleteObjects: 0.107000 ms)

AssetImportParameters requested are different than current active one (requested -> active):
  custom:video-decoder-ogg-theora: a1e56fd34408186e4bbccfd4996cb3dc -> 
  custom:container-muxer-webm: aa71ff27fc2769a1b78a27578f13a17b -> 
  custom:container-demuxer-webm: 4f35f7cbe854078d1ac9338744f61a02 -> 
  custom:video-encoder-webm-vp8: eb34c28f22e8b96e1ab97ce403110664 -> 
  custom:video-codec-MediaFoundation-h265: 746d11721c4dcdbdad8f713fa42b33f4 -> 
  custom:audio-encoder-webm-vorbis: bf7c407c2cedff20999df2af8eb42d56 -> 
  custom:framework-win-MediaFoundation: 216162199b28c13a410421893ffa2e32 -> 
  custom:container-demuxer-ogg: 62fdf1f143b41e24485cea50d1cbac27 -> 
  custom:video-decoder-webm-vp8: 9c59270c3fd7afecdb556c50c9e8de78 -> 
  custom:audio-decoder-ogg-vorbis: bf7c407c2cedff20999df2af8eb42d56 -> 
========================================================================
Received Import Request.
  Time since last request: 1411555.989876 seconds.
  path: Assets/Resumes
  artifactKey: Guid(8d09022d4f107a34cbe3b4e88fc1cf28) Importer(815301076,1909f56bfc062723c751e8b465ee728b)
Start importing Assets/Resumes using Guid(8d09022d4f107a34cbe3b4e88fc1cf28) Importer(815301076,1909f56bfc062723c751e8b465ee728b)  -> (artifact id: 'fb00c4eefff34d49a6283d37517bbbd6') in 0.013439 seconds 
========================================================================
Received Import Request.
  Time since last request: 12.998727 seconds.
  path: Assets/Resumes/denver.png
  artifactKey: Guid(ec6e17b9207b81f41b93e99c7ac7bb21) Importer(815301076,1909f56bfc062723c751e8b465ee728b)
Start importing Assets/Resumes/denver.png using Guid(ec6e17b9207b81f41b93e99c7ac7bb21) Importer(815301076,1909f56bfc062723c751e8b465ee728b)  -> (artifact id: '28c1413c32e54f81a34a2c67ec9f3244') in 0.138207 seconds 
========================================================================
Received Import Request.
  Time since last request: 0.000051 seconds.
  path: Assets/Resumes/wilbert.png
  artifactKey: Guid(6366d439b057dce41b50555d46b3b832) Importer(815301076,1909f56bfc062723c751e8b465ee728b)
Start importing Assets/Resumes/wilbert.png using Guid(6366d439b057dce41b50555d46b3b832) Importer(815301076,1909f56bfc062723c751e8b465ee728b)  -> (artifact id: '3ec84fed3369dd8369734ed45b145ce7') in 0.021290 seconds 
========================================================================
Received Import Request.
  Time since last request: 0.000051 seconds.
  path: Assets/Resumes/obi.png
  artifactKey: Guid(94e86288a6e1c304683e569baa47a53f) Importer(815301076,1909f56bfc062723c751e8b465ee728b)
Start importing Assets/Resumes/obi.png using Guid(94e86288a6e1c304683e569baa47a53f) Importer(815301076,1909f56bfc062723c751e8b465ee728b)  -> (artifact id: '488f8627fd3ecd9fd10673023183ac62') in 0.018642 seconds 
========================================================================
Received Import Request.
  Time since last request: 0.000028 seconds.
  path: Assets/Resumes/sarah.png
  artifactKey: Guid(8c8a803678ccea2459d72f8cbebafe96) Importer(815301076,1909f56bfc062723c751e8b465ee728b)
Start importing Assets/Resumes/sarah.png using Guid(8c8a803678ccea2459d72f8cbebafe96) Importer(815301076,1909f56bfc062723c751e8b465ee728b)  -> (artifact id: 'a5ae49e5c769629cbc1fe9b9bc82712e') in 0.015952 seconds 
========================================================================
Received Import Request.
  Time since last request: 0.000027 seconds.
  path: Assets/Resumes/sally.png
  artifactKey: Guid(680e51ff38b9e6d4d9ab9754031fb2ed) Importer(815301076,1909f56bfc062723c751e8b465ee728b)
Start importing Assets/Resumes/sally.png using Guid(680e51ff38b9e6d4d9ab9754031fb2ed) Importer(815301076,1909f56bfc062723c751e8b465ee728b)  -> (artifact id: '25111721832e2a52b8c34925d76d9956') in 0.020064 seconds 
========================================================================
Received Import Request.
  Time since last request: 0.000032 seconds.
  path: Assets/Resumes/john.png
  artifactKey: Guid(f2430a1ba9b7bf14b83e756a21c09c73) Importer(815301076,1909f56bfc062723c751e8b465ee728b)
Start importing Assets/Resumes/john.png using Guid(f2430a1ba9b7bf14b83e756a21c09c73) Importer(815301076,1909f56bfc062723c751e8b465ee728b)  -> (artifact id: '88b5db268c36ebd33c31da1fcff485b3') in 0.023455 seconds 
========================================================================
Received Import Request.
  Time since last request: 0.000030 seconds.
  path: Assets/Resumes/wendy.png
  artifactKey: Guid(1895fa00a5f383142b7e0a12e9fde34a) Importer(815301076,1909f56bfc062723c751e8b465ee728b)
Start importing Assets/Resumes/wendy.png using Guid(1895fa00a5f383142b7e0a12e9fde34a) Importer(815301076,1909f56bfc062723c751e8b465ee728b)  -> (artifact id: '6207360689c6d9c98e71b64084e351d7') in 0.016005 seconds 
========================================================================
Received Import Request.
  Time since last request: 3.195620 seconds.
  path: Assets/Resumes/craig.png
  artifactKey: Guid(b934ed611667a8049a468b530a9b12f7) Importer(815301076,1909f56bfc062723c751e8b465ee728b)
Start importing Assets/Resumes/craig.png using Guid(b934ed611667a8049a468b530a9b12f7) Importer(815301076,1909f56bfc062723c751e8b465ee728b)  -> (artifact id: 'bfd36d43c7ed644d9b50b9a20a7c501f') in 0.022700 seconds 
========================================================================
Received Import Request.
  Time since last request: 85.095427 seconds.
  path: Assets/Scenes/MainMenu.unity
  artifactKey: Guid(2cda990e2423bbf4892e6590ba056729) Importer(815301076,1909f56bfc062723c751e8b465ee728b)
Start importing Assets/Scenes/MainMenu.unity using Guid(2cda990e2423bbf4892e6590ba056729) Importer(815301076,1909f56bfc062723c751e8b465ee728b)  -> (artifact id: 'a1d4dfad7a5e33ff6b26a35e2a8de4f1') in 0.027053 seconds 
========================================================================
Received Import Request.
  Time since last request: 121.129630 seconds.
  path: Assets/TextMesh Pro/Fonts/LiberationSans.ttf
  artifactKey: Guid(e3265ab4bf004d28a9537516768c1c75) Importer(815301076,1909f56bfc062723c751e8b465ee728b)
Start importing Assets/TextMesh Pro/Fonts/LiberationSans.ttf using Guid(e3265ab4bf004d28a9537516768c1c75) Importer(815301076,1909f56bfc062723c751e8b465ee728b)  -> (artifact id: '86e85d55384b22641579099d0f1ce7e8') in 0.152795 seconds 
========================================================================
Received Import Request.
  Time since last request: 12.707316 seconds.
  path: Assets/TextMesh Pro/Fonts/Lato-Black.ttf
  artifactKey: Guid(24c9a35eb44b14f4ba71648a0898690f) Importer(815301076,1909f56bfc062723c751e8b465ee728b)
Start importing Assets/TextMesh Pro/Fonts/Lato-Black.ttf using Guid(24c9a35eb44b14f4ba71648a0898690f) Importer(815301076,1909f56bfc062723c751e8b465ee728b)  -> (artifact id: 'ce86cc3dda6dbada9185b02c06fad64f') in 0.030543 seconds 
========================================================================
Received Import Request.
  Time since last request: 4.492943 seconds.
  path: Assets/TextMesh Pro/Fonts/Lato-Regular.ttf
  artifactKey: Guid(79cf49dbb827046438f25c01d225ffe8) Importer(815301076,1909f56bfc062723c751e8b465ee728b)
Start importing Assets/TextMesh Pro/Fonts/Lato-Regular.ttf using Guid(79cf49dbb827046438f25c01d225ffe8) Importer(815301076,1909f56bfc062723c751e8b465ee728b)  -> (artifact id: '6f6b72044aa886c3ee22a143a9f47517') in 0.026236 seconds 
========================================================================
Received Import Request.
  Time since last request: 2.039063 seconds.
  path: Assets/TextMesh Pro/Fonts/Lato-Bold.ttf
  artifactKey: Guid(87d62189a9dc93545b5e4fb802aa7fe8) Importer(815301076,1909f56bfc062723c751e8b465ee728b)
Start importing Assets/TextMesh Pro/Fonts/Lato-Bold.ttf using Guid(87d62189a9dc93545b5e4fb802aa7fe8) Importer(815301076,1909f56bfc062723c751e8b465ee728b)  -> (artifact id: 'c37e343405270804fb2365d432b05f22') in 0.026402 seconds 
